c:\users\roriv\documents\github\auroraartificialinteligencetoolset\x64\debug\auroraaitoolset.lib
c:\users\roriv\documents\github\auroraartificialinteligencetoolset\x64\debug\auroraaitoolset.exp
c:\users\roriv\documents\github\auroraartificialinteligencetoolset\auroraaitoolset\x64\debug\vc142.pdb
c:\users\roriv\documents\github\auroraartificialinteligencetoolset\auroraaitoolset\x64\debug\vc142.idb
c:\users\roriv\documents\github\auroraartificialinteligencetoolset\auroraaitoolset\x64\debug\auworldstate.obj
c:\users\roriv\documents\github\auroraartificialinteligencetoolset\auroraaitoolset\x64\debug\ausearchgraph.obj
c:\users\roriv\documents\github\auroraartificialinteligencetoolset\auroraaitoolset\x64\debug\auplansgraph.obj
c:\users\roriv\documents\github\auroraartificialinteligencetoolset\auroraaitoolset\x64\debug\aupathfinder.obj
c:\users\roriv\documents\github\auroraartificialinteligencetoolset\auroraaitoolset\x64\debug\aubreadthfirstsearch.obj
c:\users\roriv\documents\github\auroraartificialinteligencetoolset\auroraaitoolset\x64\debug\auastargraph.obj
c:\users\roriv\documents\github\auroraartificialinteligencetoolset\auroraaitoolset\x64\debug\auaction.obj
c:\users\roriv\documents\github\auroraartificialinteligencetoolset\x64\debug\auroraaitoolset.dll
c:\users\roriv\documents\github\auroraartificialinteligencetoolset\auroraaitoolset\x64\debug\auroraaitoolset.ilk
c:\users\roriv\documents\github\auroraartificialinteligencetoolset\x64\debug\auroraaitoolset.pdb
c:\users\roriv\documents\github\auroraartificialinteligencetoolset\auroraaitoolset\x64\debug\auroraaitoolset.tlog\auroraaitoolset.write.1u.tlog
c:\users\roriv\documents\github\auroraartificialinteligencetoolset\auroraaitoolset\x64\debug\auroraaitoolset.tlog\cl.command.1.tlog
c:\users\roriv\documents\github\auroraartificialinteligencetoolset\auroraaitoolset\x64\debug\auroraaitoolset.tlog\cl.read.1.tlog
c:\users\roriv\documents\github\auroraartificialinteligencetoolset\auroraaitoolset\x64\debug\auroraaitoolset.tlog\cl.write.1.tlog
c:\users\roriv\documents\github\auroraartificialinteligencetoolset\auroraaitoolset\x64\debug\auroraaitoolset.tlog\link.25684.delete.1.tlog
c:\users\roriv\documents\github\auroraartificialinteligencetoolset\auroraaitoolset\x64\debug\auroraaitoolset.tlog\link.command.1.tlog
c:\users\roriv\documents\github\auroraartificialinteligencetoolset\auroraaitoolset\x64\debug\auroraaitoolset.tlog\link.read.1.tlog
c:\users\roriv\documents\github\auroraartificialinteligencetoolset\auroraaitoolset\x64\debug\auroraaitoolset.tlog\link.write.1.tlog
